<?xml version="1.0" encoding="UTF-8"?>
<testng-results total="1" passed="1" failed="0" skipped="0">
  <reporter-output>
  </reporter-output>
  <suite started-at="2021-02-27T12:41:21Z" name="automation.cucumber.testrunner.TestRunner" finished-at="2021-02-27T12:41:53Z" duration-ms="32620">
    <groups>
      <group name="cucumber">
        <method signature="AbstractTestNGCucumberTests.feature(cucumber.api.testng.CucumberFeatureWrapper)[pri:0, instance:automation.cucumber.testrunner.TestRunner@2c039ac6]" name="feature" class="cucumber.api.testng.AbstractTestNGCucumberTests"/>
      </group> <!-- cucumber -->
    </groups>
    <test started-at="2021-02-27T12:41:21Z" name="Command line test" finished-at="2021-02-27T12:41:53Z" duration-ms="32620">
      <class name="automation.cucumber.testrunner.TestRunner">
        <test-method is-config="true" signature="setUpClass()[pri:0, instance:automation.cucumber.testrunner.TestRunner@2c039ac6]" started-at="2021-02-27T07:41:21Z" name="setUpClass" finished-at="2021-02-27T07:41:21Z" duration-ms="261" status="PASS">
          <reporter-output>
          </reporter-output>
        </test-method> <!-- setUpClass -->
        <test-method signature="feature(cucumber.api.testng.CucumberFeatureWrapper)[pri:0, instance:automation.cucumber.testrunner.TestRunner@2c039ac6]" started-at="2021-02-27T07:41:21Z" name="feature" description="Runs Cucumber Feature" data-provider="features" finished-at="2021-02-27T07:41:53Z" duration-ms="31803" status="PASS">
          <params>
            <param index="0">
              <value>
                <![CDATA[Login]]>
              </value>
            </param>
          </params>
          <reporter-output>
          </reporter-output>
        </test-method> <!-- feature -->
        <test-method is-config="true" signature="writeExtentReport()[pri:0, instance:automation.cucumber.testrunner.TestRunner@2c039ac6]" started-at="2021-02-27T07:41:53Z" name="writeExtentReport" finished-at="2021-02-27T07:41:53Z" duration-ms="24" status="PASS">
          <reporter-output>
          </reporter-output>
        </test-method> <!-- writeExtentReport -->
        <test-method is-config="true" signature="tearDownClass()[pri:0, instance:automation.cucumber.testrunner.TestRunner@2c039ac6]" started-at="2021-02-27T07:41:53Z" name="tearDownClass" finished-at="2021-02-27T07:41:53Z" duration-ms="401" status="PASS">
          <reporter-output>
          </reporter-output>
        </test-method> <!-- tearDownClass -->
      </class> <!-- automation.cucumber.testrunner.TestRunner -->
    </test> <!-- Command line test -->
  </suite> <!-- automation.cucumber.testrunner.TestRunner -->
</testng-results>
