<?xml version="1.0" encoding="UTF-8"?>
<testng-results total="1" passed="1" failed="0" skipped="0">
  <reporter-output>
  </reporter-output>
  <suite started-at="2021-02-20T14:24:40Z" name="Default suite" finished-at="2021-02-20T14:25:09Z" duration-ms="28686">
    <groups>
      <group name="cucumber">
        <method signature="AbstractTestNGCucumberTests.feature(cucumber.api.testng.CucumberFeatureWrapper)[pri:0, instance:automation.cucumber.testrunner.TestRunner@4b45a2f5]" name="feature" class="cucumber.api.testng.AbstractTestNGCucumberTests"/>
      </group> <!-- cucumber -->
    </groups>
    <test started-at="2021-02-20T14:24:40Z" name="Default test" finished-at="2021-02-20T14:25:09Z" duration-ms="28686">
      <class name="automation.cucumber.testrunner.TestRunner">
        <test-method is-config="true" signature="setUpClass()[pri:0, instance:automation.cucumber.testrunner.TestRunner@4b45a2f5]" started-at="2021-02-20T19:54:40Z" name="setUpClass" finished-at="2021-02-20T19:54:40Z" duration-ms="245" status="PASS">
          <reporter-output>
          </reporter-output>
        </test-method> <!-- setUpClass -->
        <test-method signature="feature(cucumber.api.testng.CucumberFeatureWrapper)[pri:0, instance:automation.cucumber.testrunner.TestRunner@4b45a2f5]" started-at="2021-02-20T19:54:40Z" name="feature" description="Runs Cucumber Feature" data-provider="features" finished-at="2021-02-20T19:55:08Z" duration-ms="27983" status="PASS">
          <params>
            <param index="0">
              <value>
                <![CDATA[Login]]>
              </value>
            </param>
          </params>
          <reporter-output>
          </reporter-output>
        </test-method> <!-- feature -->
        <test-method is-config="true" signature="writeExtentReport()[pri:0, instance:automation.cucumber.testrunner.TestRunner@4b45a2f5]" started-at="2021-02-20T19:55:08Z" name="writeExtentReport" finished-at="2021-02-20T19:55:08Z" duration-ms="18" status="PASS">
          <reporter-output>
          </reporter-output>
        </test-method> <!-- writeExtentReport -->
        <test-method is-config="true" signature="tearDownClass()[pri:0, instance:automation.cucumber.testrunner.TestRunner@4b45a2f5]" started-at="2021-02-20T19:55:08Z" name="tearDownClass" finished-at="2021-02-20T19:55:09Z" duration-ms="352" status="PASS">
          <reporter-output>
          </reporter-output>
        </test-method> <!-- tearDownClass -->
      </class> <!-- automation.cucumber.testrunner.TestRunner -->
    </test> <!-- Default test -->
  </suite> <!-- Default suite -->
</testng-results>
